<?xml version="1.0" encoding="UTF-8"?>
<testsuite name="JUnit Jupiter" tests="0" skipped="0" failures="0" errors="0" time="0.003" hostname="Ivan" timestamp="2018-10-24T16:55:34">
<properties>
<property name="awt.toolkit" value="sun.awt.windows.WToolkit"/>
<property name="file.encoding" value="windows-1252"/>
<property name="file.encoding.pkg" value="sun.io"/>
<property name="file.separator" value="\"/>
<property name="java.awt.graphicsenv" value="sun.awt.Win32GraphicsEnvironment"/>
<property name="java.awt.printerjob" value="sun.awt.windows.WPrinterJob"/>
<property name="java.class.path" value="C:\Users\Chocofortys\Desktop\Elementos de Ingenieria de Software\bomberman\build\classes\java\test;C:\Users\Chocofortys\Desktop\Elementos de Ingenieria de Software\bomberman\build\resources\test;C:\Users\Chocofortys\Desktop\Elementos de Ingenieria de Software\bomberman\build\classes\java\main;C:\Users\Chocofortys\Desktop\Elementos de Ingenieria de Software\bomberman\build\resources\main;C:\Users\Chocofortys\.gradle\caches\modules-2\files-2.1\org.assertj\assertj-core\3.9.0\de324a44efe19b9222d2218f7ac3102d728497d8\assertj-core-3.9.0.jar;C:\Users\Chocofortys\.gradle\caches\modules-2\files-2.1\io.cucumber\cucumber-java\2.4.0\caf32eff3d7b194a34eccf1ab103196558dc428e\cucumber-java-2.4.0.jar;C:\Users\Chocofortys\.gradle\caches\modules-2\files-2.1\io.cucumber\cucumber-junit\2.4.0\97bc6f147ebe3888c97933fe38da1d044771d7d2\cucumber-junit-2.4.0.jar;C:\Users\Chocofortys\.gradle\caches\modules-2\files-2.1\org.junit.vintage\junit-vintage-engine\4.12.2\3ee780f46c5669ba5cf6a70405c49becec6f2cef\junit-vintage-engine-4.12.2.jar;C:\Users\Chocofortys\.gradle\caches\modules-2\files-2.1\org.junit.jupiter\junit-jupiter-engine\5.0.2\e57de973ac81662ec2b9b225df6c882a641fabe6\junit-jupiter-engine-5.0.2.jar;C:\Users\Chocofortys\.gradle\caches\modules-2\files-2.1\org.junit.jupiter\junit-jupiter-api\5.0.2\4024737a023e98dc6c9cbbd89fe0dd83975df65\junit-jupiter-api-5.0.2.jar;C:\Users\Chocofortys\.gradle\caches\modules-2\files-2.1\junit\junit\4.12\2973d150c0dc1fefe998f834810d68f278ea58ec\junit-4.12.jar;C:\Users\Chocofortys\.gradle\caches\modules-2\files-2.1\io.cucumber\cucumber-core\2.4.0\dd7a961cc819c6422f669fce5bf9616b48877029\cucumber-core-2.4.0.jar;C:\Users\Chocofortys\.gradle\caches\modules-2\files-2.1\org.junit.platform\junit-platform-engine\1.0.2\ae5d9b8c44d78da636e4e1e00a907fe0fb7bcb8f\junit-platform-engine-1.0.2.jar;C:\Users\Chocofortys\.gradle\caches\modules-2\files-2.1\org.opentest4j\opentest4j\1.0.0\6f09c598e9ff64bf0ce2fa7e7de49a99ba83c0b4\opentest4j-1.0.0.jar;C:\Users\Chocofortys\.gradle\caches\modules-2\files-2.1\org.junit.platform\junit-platform-commons\1.0.2\e348a3a67940694f0718d04f9b0784b3dfb7819b\junit-platform-commons-1.0.2.jar;C:\Users\Chocofortys\.gradle\caches\modules-2\files-2.1\info.cukes\cucumber-html\0.2.6\e2577a2a51fdb821e877433ae55ac9211ffcb16a\cucumber-html-0.2.6.jar;C:\Users\Chocofortys\.gradle\caches\modules-2\files-2.1\io.cucumber\cucumber-jvm-deps\1.0.6\f099f06378ef35f9391fa2fbb41ac21d214fe737\cucumber-jvm-deps-1.0.6.jar;C:\Users\Chocofortys\.gradle\caches\modules-2\files-2.1\io.cucumber\gherkin\5.0.0\a05c7dd957349d6ce3908771aa5414cb15777eb7\gherkin-5.0.0.jar;C:\Users\Chocofortys\.gradle\caches\modules-2\files-2.1\io.cucumber\tag-expressions\1.1.1\a5cfcf43577aae5d314af5438459c2af659a1245\tag-expressions-1.1.1.jar;C:\Users\Chocofortys\.gradle\caches\modules-2\files-2.1\org.hamcrest\hamcrest-core\1.3\42a25dc3219429f0e5d060061f71acb49bf010a0\hamcrest-core-1.3.jar;C:\Users\Chocofortys\.gradle\caches\modules-2\files-2.1\org.junit.platform\junit-platform-console\1.0.2\2bf2cd18040bfe229bad813c7ab150a0f7ea8153\junit-platform-console-1.0.2.jar;C:\Users\Chocofortys\.gradle\caches\modules-2\files-2.1\org.junit.platform\junit-platform-launcher\1.0.2\7cd136827fbfe3e6301b95f0340d654ad54feaa4\junit-platform-launcher-1.0.2.jar;build/tmp/expandedArchives/org.jacoco.agent-0.7.9.jar_17d4cd69b5d9b44b59ac09d2e4756e43/jacocoagent.jar"/>
<property name="java.class.version" value="52.0"/>
<property name="java.endorsed.dirs" value="C:\Program Files\Java\jdk1.8.0_161\jre\lib\endorsed"/>
<property name="java.ext.dirs" value="C:\Program Files\Java\jdk1.8.0_161\jre\lib\ext;C:\Windows\Sun\Java\lib\ext"/>
<property name="java.home" value="C:\Program Files\Java\jdk1.8.0_161\jre"/>
<property name="java.io.tmpdir" value="C:\Users\CHOCOF~1\AppData\Local\Temp\"/>
<property name="java.library.path" value="C:\Program Files\Java\jdk1.8.0_161\bin;C:\Windows\Sun\Java\bin;C:\Windows\system32;C:\Windows;C:\Users\Chocofortys\bin;C:\Program Files\Git\mingw64\bin;C:\Program Files\Git\usr\local\bin;C:\Program Files\Git\usr\bin;C:\Program Files\Git\usr\bin;C:\Program Files\Git\mingw64\bin;C:\Program Files\Git\usr\bin;C:\Users\Chocofortys\bin;C:\Program Files\Haskell\bin;C:\Program Files\Haskell Platform\8.2.1\lib\extralibs\bin;C:\Program Files\Haskell Platform\8.2.1\bin;C:\Python27\Lib\site-packages\PyQt4;C:\Program Files (x86)\NVIDIA Corporation\PhysX\Common;C:\ProgramData\Oracle\Java\javapath;C:\Windows\system32;C:\Windows;C:\Windows\System32\Wbem;C:\Windows\System32\WindowsPowerShell\v1.0;C:\Program Files (x86)\ATI Technologies\ATI.ACE\Core-Static;C:\Program Files (x86)\AMD\ATI.ACE\Core-Static;C:\Program Files (x86)\MKVToolNix;C:\Program Files\Haskell Platform\8.2.1\mingw\bin;C:\Program Files\nodejs;C:\Program Files\Microsoft VS Code\bin;C:\Program Files\dotnet;C:\Ruby25-x64\bin;C:\Users\Chocofortys\AppData\Roaming\cabal\bin;C:\Users\Chocofortys\AppData\Roaming\local\bin;C:\Program Files\Microsoft VS Code\bin;C:\Users\Chocofortys\AppData\Roaming\npm;C:\Program Files\Git\usr\bin\vendor_perl;C:\Program Files\Git\usr\bin\core_perl;."/>
<property name="java.runtime.name" value="Java(TM) SE Runtime Environment"/>
<property name="java.runtime.version" value="1.8.0_161-b12"/>
<property name="java.specification.name" value="Java Platform API Specification"/>
<property name="java.specification.vendor" value="Oracle Corporation"/>
<property name="java.specification.version" value="1.8"/>
<property name="java.vendor" value="Oracle Corporation"/>
<property name="java.vendor.url" value="http://java.oracle.com/"/>
<property name="java.vendor.url.bug" value="http://bugreport.sun.com/bugreport/"/>
<property name="java.version" value="1.8.0_161"/>
<property name="java.vm.info" value="mixed mode"/>
<property name="java.vm.name" value="Java HotSpot(TM) 64-Bit Server VM"/>
<property name="java.vm.specification.name" value="Java Virtual Machine Specification"/>
<property name="java.vm.specification.vendor" value="Oracle Corporation"/>
<property name="java.vm.specification.version" value="1.8"/>
<property name="java.vm.vendor" value="Oracle Corporation"/>
<property name="java.vm.version" value="25.161-b12"/>
<property name="line.separator" value="
"/>
<property name="os.arch" value="amd64"/>
<property name="os.name" value="Windows 8.1"/>
<property name="os.version" value="6.3"/>
<property name="path.separator" value=";"/>
<property name="sun.arch.data.model" value="64"/>
<property name="sun.boot.class.path" value="C:\Program Files\Java\jdk1.8.0_161\jre\lib\resources.jar;C:\Program Files\Java\jdk1.8.0_161\jre\lib\rt.jar;C:\Program Files\Java\jdk1.8.0_161\jre\lib\sunrsasign.jar;C:\Program Files\Java\jdk1.8.0_161\jre\lib\jsse.jar;C:\Program Files\Java\jdk1.8.0_161\jre\lib\jce.jar;C:\Program Files\Java\jdk1.8.0_161\jre\lib\charsets.jar;C:\Program Files\Java\jdk1.8.0_161\jre\lib\jfr.jar;C:\Program Files\Java\jdk1.8.0_161\jre\classes"/>
<property name="sun.boot.library.path" value="C:\Program Files\Java\jdk1.8.0_161\jre\bin"/>
<property name="sun.cpu.endian" value="little"/>
<property name="sun.cpu.isalist" value="amd64"/>
<property name="sun.desktop" value="windows"/>
<property name="sun.io.unicode.encoding" value="UnicodeLittle"/>
<property name="sun.java.command" value="org.junit.platform.console.ConsoleLauncher --details NONE --scan-class-path C:\Users\Chocofortys\Desktop\Elementos de Ingenieria de Software\bomberman\build\classes\java\main;C:\Users\Chocofortys\Desktop\Elementos de Ingenieria de Software\bomberman\build\resources\main;C:\Users\Chocofortys\Desktop\Elementos de Ingenieria de Software\bomberman\build\classes\java\test;C:\Users\Chocofortys\Desktop\Elementos de Ingenieria de Software\bomberman\build\resources\test -n ^.*Tests?$ --reports-dir C:\Users\Chocofortys\Desktop\Elementos de Ingenieria de Software\bomberman\build\test-results\junit-platform"/>
<property name="sun.java.launcher" value="SUN_STANDARD"/>
<property name="sun.jnu.encoding" value="Cp1252"/>
<property name="sun.management.compiler" value="HotSpot 64-Bit Tiered Compilers"/>
<property name="sun.os.patch.level" value=""/>
<property name="user.country" value="AR"/>
<property name="user.dir" value="C:\Users\Chocofortys\Desktop\Elementos de Ingenieria de Software\bomberman"/>
<property name="user.home" value="C:\Users\Chocofortys"/>
<property name="user.language" value="es"/>
<property name="user.name" value="Chocofortys"/>
<property name="user.script" value=""/>
<property name="user.timezone" value="America/Buenos_Aires"/>
<property name="user.variant" value=""/>
</properties>
<system-out><![CDATA[
unique-id: [engine:junit-jupiter]
display-name: JUnit Jupiter
]]></system-out>
</testsuite>
